2017-11-27 20:29:31 WARN: AssertionError [ERR_ASSERTION]: error_pass
    at assert (D:\Project\XMatrixStudio\Violet\lib\assert.js:6:5)
    at Object.exports.login (D:\Project\XMatrixStudio\Violet\app\service\user.js:15:3)
    at <anonymous>
    at process._tickCallback (internal/process/next_tick.js:188:7) 
2017-11-27 20:44:52 WARN: AssertionError [ERR_ASSERTION]: timeout_token
    at assert (D:\Project\XMatrixStudio\Violet\lib\assert.js:6:5)
    at router.use (D:\Project\XMatrixStudio\Violet\app\router\index.js:43:5)
    at dispatch (D:\Project\XMatrixStudio\Violet\node_modules\koa-router\node_modules\koa-compose\index.js:44:32)
    at next (D:\Project\XMatrixStudio\Violet\node_modules\koa-router\node_modules\koa-compose\index.js:45:18)
    at D:\Project\XMatrixStudio\Violet\node_modules\koa-router\lib\router.js:345:16
    at dispatch (D:\Project\XMatrixStudio\Violet\node_modules\koa-router\node_modules\koa-compose\index.js:44:32)
    at D:\Project\XMatrixStudio\Violet\node_modules\koa-router\node_modules\koa-compose\index.js:36:12
    at dispatch (D:\Project\XMatrixStudio\Violet\node_modules\koa-router\lib\router.js:350:31)
    at dispatch (D:\Project\XMatrixStudio\Violet\node_modules\koa-compose\index.js:42:32)
    at next (D:\Project\XMatrixStudio\Violet\node_modules\koa-compose\index.js:43:18)
    at bodyParser (D:\Project\XMatrixStudio\Violet\node_modules\koa-bodyparser\index.js:86:11)
    at <anonymous>
    at process._tickCallback (internal/process/next_tick.js:188:7) 
2017-11-27 20:44:57 WARN: AssertionError [ERR_ASSERTION]: timeout_token
    at assert (D:\Project\XMatrixStudio\Violet\lib\assert.js:6:5)
    at router.use (D:\Project\XMatrixStudio\Violet\app\router\index.js:43:5)
    at dispatch (D:\Project\XMatrixStudio\Violet\node_modules\koa-router\node_modules\koa-compose\index.js:44:32)
    at next (D:\Project\XMatrixStudio\Violet\node_modules\koa-router\node_modules\koa-compose\index.js:45:18)
    at D:\Project\XMatrixStudio\Violet\node_modules\koa-router\lib\router.js:345:16
    at dispatch (D:\Project\XMatrixStudio\Violet\node_modules\koa-router\node_modules\koa-compose\index.js:44:32)
    at D:\Project\XMatrixStudio\Violet\node_modules\koa-router\node_modules\koa-compose\index.js:36:12
    at dispatch (D:\Project\XMatrixStudio\Violet\node_modules\koa-router\lib\router.js:350:31)
    at dispatch (D:\Project\XMatrixStudio\Violet\node_modules\koa-compose\index.js:42:32)
    at next (D:\Project\XMatrixStudio\Violet\node_modules\koa-compose\index.js:43:18)
    at bodyParser (D:\Project\XMatrixStudio\Violet\node_modules\koa-bodyparser\index.js:86:11)
    at <anonymous>
    at process._tickCallback (internal/process/next_tick.js:188:7) 
2017-11-27 20:45:50 WARN: AssertionError [ERR_ASSERTION]: timeout_token
    at assert (D:\Project\XMatrixStudio\Violet\lib\assert.js:6:5)
    at router.use (D:\Project\XMatrixStudio\Violet\app\router\index.js:46:5)
    at dispatch (D:\Project\XMatrixStudio\Violet\node_modules\koa-router\node_modules\koa-compose\index.js:44:32)
    at next (D:\Project\XMatrixStudio\Violet\node_modules\koa-router\node_modules\koa-compose\index.js:45:18)
    at D:\Project\XMatrixStudio\Violet\node_modules\koa-router\lib\router.js:345:16
    at dispatch (D:\Project\XMatrixStudio\Violet\node_modules\koa-router\node_modules\koa-compose\index.js:44:32)
    at D:\Project\XMatrixStudio\Violet\node_modules\koa-router\node_modules\koa-compose\index.js:36:12
    at dispatch (D:\Project\XMatrixStudio\Violet\node_modules\koa-router\lib\router.js:350:31)
    at dispatch (D:\Project\XMatrixStudio\Violet\node_modules\koa-compose\index.js:42:32)
    at next (D:\Project\XMatrixStudio\Violet\node_modules\koa-compose\index.js:43:18)
    at bodyParser (D:\Project\XMatrixStudio\Violet\node_modules\koa-bodyparser\index.js:86:11)
    at <anonymous>
    at process._tickCallback (internal/process/next_tick.js:188:7) 
2017-11-27 20:47:18 ERROR: TypeError: Cannot read property 'state' of undefined
    at Object.app.context.getUserData (D:\Project\XMatrixStudio\Violet\index.js:26:12)
    at router.use (D:\Project\XMatrixStudio\Violet\app\router\index.js:48:26)
    at dispatch (D:\Project\XMatrixStudio\Violet\node_modules\koa-router\node_modules\koa-compose\index.js:44:32)
    at next (D:\Project\XMatrixStudio\Violet\node_modules\koa-router\node_modules\koa-compose\index.js:45:18)
    at D:\Project\XMatrixStudio\Violet\node_modules\koa-router\lib\router.js:345:16
    at dispatch (D:\Project\XMatrixStudio\Violet\node_modules\koa-router\node_modules\koa-compose\index.js:44:32)
    at D:\Project\XMatrixStudio\Violet\node_modules\koa-router\node_modules\koa-compose\index.js:36:12
    at dispatch (D:\Project\XMatrixStudio\Violet\node_modules\koa-router\lib\router.js:350:31)
    at dispatch (D:\Project\XMatrixStudio\Violet\node_modules\koa-compose\index.js:42:32)
    at next (D:\Project\XMatrixStudio\Violet\node_modules\koa-compose\index.js:43:18)
    at bodyParser (D:\Project\XMatrixStudio\Violet\node_modules\koa-bodyparser\index.js:86:11)
    at <anonymous>
    at process._tickCallback (internal/process/next_tick.js:188:7) 
2017-11-27 20:47:20 ERROR: TypeError: Cannot read property 'state' of undefined
    at Object.app.context.getUserData (D:\Project\XMatrixStudio\Violet\index.js:26:12)
    at router.use (D:\Project\XMatrixStudio\Violet\app\router\index.js:48:26)
    at dispatch (D:\Project\XMatrixStudio\Violet\node_modules\koa-router\node_modules\koa-compose\index.js:44:32)
    at next (D:\Project\XMatrixStudio\Violet\node_modules\koa-router\node_modules\koa-compose\index.js:45:18)
    at D:\Project\XMatrixStudio\Violet\node_modules\koa-router\lib\router.js:345:16
    at dispatch (D:\Project\XMatrixStudio\Violet\node_modules\koa-router\node_modules\koa-compose\index.js:44:32)
    at D:\Project\XMatrixStudio\Violet\node_modules\koa-router\node_modules\koa-compose\index.js:36:12
    at dispatch (D:\Project\XMatrixStudio\Violet\node_modules\koa-router\lib\router.js:350:31)
    at dispatch (D:\Project\XMatrixStudio\Violet\node_modules\koa-compose\index.js:42:32)
    at next (D:\Project\XMatrixStudio\Violet\node_modules\koa-compose\index.js:43:18)
    at bodyParser (D:\Project\XMatrixStudio\Violet\node_modules\koa-bodyparser\index.js:86:11)
    at <anonymous>
    at process._tickCallback (internal/process/next_tick.js:188:7) 
2017-11-27 20:48:54 ERROR: TypeError: Cannot read property 'userData' of undefined
    at Object.app.context.getUserData (D:\Project\XMatrixStudio\Violet\index.js:26:26)
    at router.use (D:\Project\XMatrixStudio\Violet\app\router\index.js:48:26)
    at dispatch (D:\Project\XMatrixStudio\Violet\node_modules\koa-router\node_modules\koa-compose\index.js:44:32)
    at next (D:\Project\XMatrixStudio\Violet\node_modules\koa-router\node_modules\koa-compose\index.js:45:18)
    at D:\Project\XMatrixStudio\Violet\node_modules\koa-router\lib\router.js:345:16
    at dispatch (D:\Project\XMatrixStudio\Violet\node_modules\koa-router\node_modules\koa-compose\index.js:44:32)
    at D:\Project\XMatrixStudio\Violet\node_modules\koa-router\node_modules\koa-compose\index.js:36:12
    at dispatch (D:\Project\XMatrixStudio\Violet\node_modules\koa-router\lib\router.js:350:31)
    at dispatch (D:\Project\XMatrixStudio\Violet\node_modules\koa-compose\index.js:42:32)
    at next (D:\Project\XMatrixStudio\Violet\node_modules\koa-compose\index.js:43:18)
    at bodyParser (D:\Project\XMatrixStudio\Violet\node_modules\koa-bodyparser\index.js:86:11)
    at <anonymous>
    at process._tickCallback (internal/process/next_tick.js:188:7) 
2017-11-27 20:51:48 ERROR: TypeError: Cannot read property 'get' of undefined
    at ContextSession.initFromCookie (D:\Project\XMatrixStudio\Violet\node_modules\koa-session\lib\context.js:103:32)
    at ContextSession.get (D:\Project\XMatrixStudio\Violet\node_modules\koa-session\lib\context.js:36:27)
    at Object.get (D:\Project\XMatrixStudio\Violet\node_modules\koa-session\index.js:126:38)
    at Object.app.context.getUserData (D:\Project\XMatrixStudio\Violet\index.js:27:70)
    at router.use (D:\Project\XMatrixStudio\Violet\app\router\index.js:48:26)
    at dispatch (D:\Project\XMatrixStudio\Violet\node_modules\koa-router\node_modules\koa-compose\index.js:44:32)
    at next (D:\Project\XMatrixStudio\Violet\node_modules\koa-router\node_modules\koa-compose\index.js:45:18)
    at D:\Project\XMatrixStudio\Violet\node_modules\koa-router\lib\router.js:345:16
    at dispatch (D:\Project\XMatrixStudio\Violet\node_modules\koa-router\node_modules\koa-compose\index.js:44:32)
    at D:\Project\XMatrixStudio\Violet\node_modules\koa-router\node_modules\koa-compose\index.js:36:12
    at dispatch (D:\Project\XMatrixStudio\Violet\node_modules\koa-router\lib\router.js:350:31)
    at dispatch (D:\Project\XMatrixStudio\Violet\node_modules\koa-compose\index.js:42:32)
    at next (D:\Project\XMatrixStudio\Violet\node_modules\koa-compose\index.js:43:18)
    at bodyParser (D:\Project\XMatrixStudio\Violet\node_modules\koa-bodyparser\index.js:86:11)
    at <anonymous>
    at process._tickCallback (internal/process/next_tick.js:188:7) 
2017-11-27 20:54:34 ERROR: TypeError: ctx.userData is not a function
    at exports.validEmail (D:\Project\XMatrixStudio\Violet\app\controller\user.js:61:36)
    at dispatch (D:\Project\XMatrixStudio\Violet\node_modules\koa-router\node_modules\koa-compose\index.js:44:32)
    at next (D:\Project\XMatrixStudio\Violet\node_modules\koa-router\node_modules\koa-compose\index.js:45:18)
    at D:\Project\XMatrixStudio\Violet\node_modules\koa-router\lib\router.js:345:16
    at dispatch (D:\Project\XMatrixStudio\Violet\node_modules\koa-router\node_modules\koa-compose\index.js:44:32)
    at next (D:\Project\XMatrixStudio\Violet\node_modules\koa-router\node_modules\koa-compose\index.js:45:18)
    at router.use (D:\Project\XMatrixStudio\Violet\app\router\index.js:51:10)
    at <anonymous>
    at process._tickCallback (internal/process/next_tick.js:188:7) 
2017-11-27 20:55:22 ERROR: TypeError: Cannot read property 'toString' of undefined
    at checkEmailCode (D:\Project\XMatrixStudio\Violet\app\service\user.js:56:51)
    at Object.exports.validEmail (D:\Project\XMatrixStudio\Violet\app\service\user.js:51:9)
    at exports.validEmail (D:\Project\XMatrixStudio\Violet\app\controller\user.js:61:21)
    at dispatch (D:\Project\XMatrixStudio\Violet\node_modules\koa-router\node_modules\koa-compose\index.js:44:32)
    at next (D:\Project\XMatrixStudio\Violet\node_modules\koa-router\node_modules\koa-compose\index.js:45:18)
    at D:\Project\XMatrixStudio\Violet\node_modules\koa-router\lib\router.js:345:16
    at dispatch (D:\Project\XMatrixStudio\Violet\node_modules\koa-router\node_modules\koa-compose\index.js:44:32)
    at next (D:\Project\XMatrixStudio\Violet\node_modules\koa-router\node_modules\koa-compose\index.js:45:18)
    at router.use (D:\Project\XMatrixStudio\Violet\app\router\index.js:51:10)
    at <anonymous>
    at process._tickCallback (internal/process/next_tick.js:188:7) 
2017-11-27 20:56:2 ERROR: TypeError: Cannot read property 'state' of undefined
    at Object.app.context.getUserData (D:\Project\XMatrixStudio\Violet\index.js:26:12)
    at exports.validEmail (D:\Project\XMatrixStudio\Violet\app\controller\user.js:61:43)
    at dispatch (D:\Project\XMatrixStudio\Violet\node_modules\koa-router\node_modules\koa-compose\index.js:44:32)
    at next (D:\Project\XMatrixStudio\Violet\node_modules\koa-router\node_modules\koa-compose\index.js:45:18)
    at D:\Project\XMatrixStudio\Violet\node_modules\koa-router\lib\router.js:345:16
    at dispatch (D:\Project\XMatrixStudio\Violet\node_modules\koa-router\node_modules\koa-compose\index.js:44:32)
    at next (D:\Project\XMatrixStudio\Violet\node_modules\koa-router\node_modules\koa-compose\index.js:45:18)
    at router.use (D:\Project\XMatrixStudio\Violet\app\router\index.js:51:10)
    at <anonymous>
    at process._tickCallback (internal/process/next_tick.js:188:7) 
2017-11-27 21:49:36 ERROR: TypeError: authList is not iterable
    at Object.exports.get (D:\Project\XMatrixStudio\Violet\app\service\auth.js:31:20)
    at <anonymous>
    at runMicrotasksCallback (internal/process/next_tick.js:121:5)
    at _combinedTickCallback (internal/process/next_tick.js:131:7)
    at process._tickCallback (internal/process/next_tick.js:180:9) 
2017-11-27 21:50:18 ERROR: TypeError: authList is not iterable
    at Object.exports.get (D:\Project\XMatrixStudio\Violet\app\service\auth.js:31:20)
    at <anonymous>
    at runMicrotasksCallback (internal/process/next_tick.js:121:5)
    at _combinedTickCallback (internal/process/next_tick.js:131:7)
    at process._tickCallback (internal/process/next_tick.js:180:9) 
2017-11-27 21:51:20 ERROR: TypeError: authList is not iterable
    at Object.exports.get (D:\Project\XMatrixStudio\Violet\app\service\auth.js:31:20)
    at <anonymous>
    at runMicrotasksCallback (internal/process/next_tick.js:121:5)
    at _combinedTickCallback (internal/process/next_tick.js:131:7)
    at process._tickCallback (internal/process/next_tick.js:180:9) 
2017-11-27 21:52:5 ERROR: TypeError: authList is not iterable
    at Object.exports.get (D:\Project\XMatrixStudio\Violet\app\service\auth.js:31:20)
    at <anonymous>
    at runMicrotasksCallback (internal/process/next_tick.js:121:5)
    at _combinedTickCallback (internal/process/next_tick.js:131:7)
    at process._tickCallback (internal/process/next_tick.js:180:9) 
2017-11-27 21:54:15 ERROR: TypeError: authList is not iterable
    at Object.exports.get (D:\Project\XMatrixStudio\Violet\app\service\auth.js:31:20)
    at <anonymous>
    at process._tickCallback (internal/process/next_tick.js:188:7) 
